        -:    0:Source:reader.c
        -:    0:Graph:reader.gcno
        -:    0:Data:reader.gcda
        -:    0:Runs:1
        -:    0:Programs:1
        -:    1:int foo(int x, int n)
        -:    2:{
        -:    3:    int i;
      594:    4:    for (i = 0; i < n; ++i) {
      540:    5:        if (x > n)
        -:    6:        {
      537:    7:            x += i;
      537:    8:        }
        -:    9:        else
        -:   10:        {
        -:   11:            int j;
        6:   12:            for (j = 0; j < i; ++j) {
        3:   13:                x += j;
        3:   14:            }
        -:   15:        }
      540:   16:    }
       54:   17:    return x;
        -:   18:}
        -:   19:
        -:   20:int main()
        -:   21:{
        1:   22:    int x = foo(10, 10);
        1:   23:    int y = 0;
        -:   24:    int i;
       54:   25:    for (i = 0; i < x; ++i)
        -:   26:    {
       53:   27:        y += foo(x, 10);
       53:   28:    }
        1:   29:    return y;
        -:   30:}
