        -:    0:Source:reader.c
        -:    0:Graph:reader.gcno
        -:    0:Data:-
        -:    0:Runs:0
        -:    0:Programs:0
        -:    1:int foo(int x, int n)
        -:    2:{
        -:    3:    int i;
    #####:    4:    for (i = 0; i < n; ++i) {
    #####:    5:        if (x > n)
        -:    6:        {
    #####:    7:            x += i;
    #####:    8:        }
        -:    9:        else
        -:   10:        {
        -:   11:            int j;
    #####:   12:            for (j = 0; j < i; ++j) {
    #####:   13:                x += j;
    #####:   14:            }
        -:   15:        }
    #####:   16:    }
    #####:   17:    return x;
        -:   18:}
        -:   19:
        -:   20:int main()
        -:   21:{
    #####:   22:    int x = foo(10, 10);
    #####:   23:    int y = 0;
        -:   24:    int i;
    #####:   25:    for (i = 0; i < x; ++i)
        -:   26:    {
    #####:   27:        y += foo(x, 10);
    #####:   28:    }
    #####:   29:    return y;
        -:   30:}
