<?xml version="1.0" encoding="UTF-8" standalone="yes"?>
<!DOCTYPE report PUBLIC "-//JACOCO//DTD Report 1.0//EN" "report.dtd">
<report name="JaCoCo Coverage Report">
    <sessioninfo id="ailurus-832620af" start="1523002732292" dump="1523002732308"/>
    <sessioninfo id="ailurus-99a1f8a4" start="1523002751541" dump="1523002751550"/>
    <sessioninfo id="ailurus-79df1630" start="1523003355739" dump="1523003355751"/>
    <package name="">
        <class name="hello">
            <method name="&lt;init&gt;" desc="()V" line="1">
                <counter type="INSTRUCTION" missed="3" covered="0"/>
                <counter type="LINE" missed="1" covered="0"/>
                <counter type="COMPLEXITY" missed="1" covered="0"/>
                <counter type="METHOD" missed="1" covered="0"/>
            </method>
            <method name="main" desc="([Ljava/lang/String;)V" line="3">
                <counter type="INSTRUCTION" missed="0" covered="11"/>
                <counter type="BRANCH" missed="0" covered="2"/>
                <counter type="LINE" missed="0" covered="3"/>
                <counter type="COMPLEXITY" missed="0" covered="2"/>
                <counter type="METHOD" missed="0" covered="1"/>
            </method>
            <counter type="INSTRUCTION" missed="3" covered="11"/>
            <counter type="BRANCH" missed="0" covered="2"/>
            <counter type="LINE" missed="1" covered="3"/>
            <counter type="COMPLEXITY" missed="1" covered="2"/>
            <counter type="METHOD" missed="1" covered="1"/>
            <counter type="CLASS" missed="0" covered="1"/>
        </class>
        <sourcefile name="hello.java">
            <line nr="1" mi="3" ci="0" mb="0" cb="0"/>
            <line nr="3" mi="0" ci="7" mb="0" cb="2"/>
            <line nr="4" mi="0" ci="3" mb="0" cb="0"/>
            <line nr="6" mi="0" ci="1" mb="0" cb="0"/>
            <counter type="INSTRUCTION" missed="3" covered="11"/>
            <counter type="BRANCH" missed="0" covered="2"/>
            <counter type="LINE" missed="1" covered="3"/>
            <counter type="COMPLEXITY" missed="1" covered="2"/>
            <counter type="METHOD" missed="1" covered="1"/>
            <counter type="CLASS" missed="0" covered="1"/>
        </sourcefile>
        <counter type="INSTRUCTION" missed="3" covered="11"/>
        <counter type="BRANCH" missed="0" covered="2"/>
        <counter type="LINE" missed="1" covered="3"/>
        <counter type="COMPLEXITY" missed="1" covered="2"/>
        <counter type="METHOD" missed="1" covered="1"/>
        <counter type="CLASS" missed="0" covered="1"/>
    </package>
    <counter type="INSTRUCTION" missed="3" covered="11"/>
    <counter type="BRANCH" missed="0" covered="2"/>
    <counter type="LINE" missed="1" covered="3"/>
    <counter type="COMPLEXITY" missed="1" covered="2"/>
    <counter type="METHOD" missed="1" covered="1"/>
    <counter type="CLASS" missed="0" covered="1"/>
</report>
