<?xml version="1.0" encoding="UTF-8" standalone="yes"?>
<!DOCTYPE report PUBLIC "-//JACOCO//DTD Report 1.0//EN" "report.dtd">
<report name="quickstart">
    <sessioninfo id="calculator.local-8a289bce" start="1529690935531" dump="1529690936602"/>
    <package name="org/gradle">
        <class name="org/gradle/Person$InnerClassForPerson$InnerInnerClass">
            <method name="&lt;init&gt;" desc="(Lorg/gradle/Person$InnerClassForPerson;)V" line="34">
                <counter type="INSTRUCTION" missed="6" covered="0"/>
                <counter type="LINE" missed="1" covered="0"/>
                <counter type="COMPLEXITY" missed="1" covered="0"/>
                <counter type="METHOD" missed="1" covered="0"/>
            </method>
            <method name="everything" desc="()I" line="37">
                <counter type="INSTRUCTION" missed="2" covered="0"/>
                <counter type="LINE" missed="1" covered="0"/>
                <counter type="COMPLEXITY" missed="1" covered="0"/>
                <counter type="METHOD" missed="1" covered="0"/>
            </method>
            <counter type="INSTRUCTION" missed="8" covered="0"/>
            <counter type="LINE" missed="2" covered="0"/>
            <counter type="COMPLEXITY" missed="2" covered="0"/>
            <counter type="METHOD" missed="2" covered="0"/>
            <counter type="CLASS" missed="1" covered="0"/>
        </class>
        <class name="org/gradle/Person">
            <method name="&lt;init&gt;" desc="()V" line="5">
                <counter type="INSTRUCTION" missed="3" covered="0"/>
                <counter type="LINE" missed="1" covered="0"/>
                <counter type="COMPLEXITY" missed="1" covered="0"/>
                <counter type="METHOD" missed="1" covered="0"/>
            </method>
            <method name="getSurname" desc="()Ljava/lang/String;" line="10">
                <counter type="INSTRUCTION" missed="3" covered="0"/>
                <counter type="LINE" missed="1" covered="0"/>
                <counter type="COMPLEXITY" missed="1" covered="0"/>
                <counter type="METHOD" missed="1" covered="0"/>
            </method>
            <method name="setSurname" desc="(Ljava/lang/String;)V" line="14">
                <counter type="INSTRUCTION" missed="4" covered="0"/>
                <counter type="LINE" missed="2" covered="0"/>
                <counter type="COMPLEXITY" missed="1" covered="0"/>
                <counter type="METHOD" missed="1" covered="0"/>
            </method>
            <method name="getAge" desc="()I" line="18">
                <counter type="INSTRUCTION" missed="3" covered="0"/>
                <counter type="LINE" missed="1" covered="0"/>
                <counter type="COMPLEXITY" missed="1" covered="0"/>
                <counter type="METHOD" missed="1" covered="0"/>
            </method>
            <method name="setAge" desc="(I)V" line="22">
                <counter type="INSTRUCTION" missed="4" covered="0"/>
                <counter type="LINE" missed="2" covered="0"/>
                <counter type="COMPLEXITY" missed="1" covered="0"/>
                <counter type="METHOD" missed="1" covered="0"/>
            </method>
            <counter type="INSTRUCTION" missed="17" covered="0"/>
            <counter type="LINE" missed="7" covered="0"/>
            <counter type="COMPLEXITY" missed="5" covered="0"/>
            <counter type="METHOD" missed="5" covered="0"/>
            <counter type="CLASS" missed="1" covered="0"/>
        </class>
        <class name="org/gradle/Person$InnerClassForPerson">
            <method name="&lt;init&gt;" desc="(Lorg/gradle/Person;)V" line="25">
                <counter type="INSTRUCTION" missed="6" covered="0"/>
                <counter type="LINE" missed="1" covered="0"/>
                <counter type="COMPLEXITY" missed="1" covered="0"/>
                <counter type="METHOD" missed="1" covered="0"/>
            </method>
            <method name="getSomething" desc="()Ljava/lang/String;" line="27">
                <counter type="INSTRUCTION" missed="2" covered="0"/>
                <counter type="LINE" missed="1" covered="0"/>
                <counter type="COMPLEXITY" missed="1" covered="0"/>
                <counter type="METHOD" missed="1" covered="0"/>
            </method>
            <method name="getSomethingElse" desc="(I)Ljava/lang/String;" line="31">
                <counter type="INSTRUCTION" missed="11" covered="0"/>
                <counter type="LINE" missed="1" covered="0"/>
                <counter type="COMPLEXITY" missed="1" covered="0"/>
                <counter type="METHOD" missed="1" covered="0"/>
            </method>
            <counter type="INSTRUCTION" missed="19" covered="0"/>
            <counter type="LINE" missed="3" covered="0"/>
            <counter type="COMPLEXITY" missed="3" covered="0"/>
            <counter type="METHOD" missed="3" covered="0"/>
            <counter type="CLASS" missed="1" covered="0"/>
        </class>
        <sourcefile name="Person.java">
            <line nr="5" mi="3" ci="0" mb="0" cb="0"/>
            <line nr="10" mi="3" ci="0" mb="0" cb="0"/>
            <line nr="14" mi="3" ci="0" mb="0" cb="0"/>
            <line nr="15" mi="1" ci="0" mb="0" cb="0"/>
            <line nr="18" mi="3" ci="0" mb="0" cb="0"/>
            <line nr="22" mi="3" ci="0" mb="0" cb="0"/>
            <line nr="23" mi="1" ci="0" mb="0" cb="0"/>
            <line nr="25" mi="6" ci="0" mb="0" cb="0"/>
            <line nr="27" mi="2" ci="0" mb="0" cb="0"/>
            <line nr="31" mi="11" ci="0" mb="0" cb="0"/>
            <line nr="34" mi="6" ci="0" mb="0" cb="0"/>
            <line nr="37" mi="2" ci="0" mb="0" cb="0"/>
            <line nr="44" mi="3" ci="0" mb="0" cb="0"/>
            <line nr="49" mi="3" ci="0" mb="0" cb="0"/>
            <counter type="INSTRUCTION" missed="50" covered="0"/>
            <counter type="LINE" missed="14" covered="0"/>
            <counter type="COMPLEXITY" missed="12" covered="0"/>
            <counter type="METHOD" missed="12" covered="0"/>
            <counter type="CLASS" missed="4" covered="0"/>
        </sourcefile>
        <counter type="INSTRUCTION" missed="50" covered="0"/>
        <counter type="LINE" missed="14" covered="0"/>
        <counter type="COMPLEXITY" missed="12" covered="0"/>
        <counter type="METHOD" missed="12" covered="0"/>
        <counter type="CLASS" missed="4" covered="0"/>
    </package>
    <counter type="INSTRUCTION" missed="50" covered="0"/>
    <counter type="LINE" missed="14" covered="0"/>
    <counter type="COMPLEXITY" missed="12" covered="0"/>
    <counter type="METHOD" missed="12" covered="0"/>
    <counter type="CLASS" missed="4" covered="0"/>
</report>
